<?xml version="1.0" encoding="UTF-8"?>
<testng-results ignored="0" total="1" passed="1" failed="0" skipped="0">
  <reporter-output>
  </reporter-output>
  <suite started-at="2024-08-31T15:46:04 BDT" name="Default suite" finished-at="2024-08-31T15:48:01 BDT" duration-ms="117094">
    <groups>
    </groups>
    <test started-at="2024-08-31T15:46:04 BDT" name="Default test" finished-at="2024-08-31T15:48:01 BDT" duration-ms="117094">
      <class name="framework.automation.tests.LoginTest">
        <test-method is-config="true" signature="start()[pri:0, instance:framework.automation.tests.LoginTest@4e5ed836]" started-at="2024-08-31T15:45:59 BDT" name="start" finished-at="2024-08-31T15:46:04 BDT" duration-ms="5036" status="PASS">
          <reporter-output>
          </reporter-output>
        </test-method> <!-- start -->
        <test-method is-config="true" signature="openUrl()[pri:0, instance:framework.automation.tests.LoginTest@4e5ed836]" started-at="2024-08-31T15:46:04 BDT" name="openUrl" finished-at="2024-08-31T15:47:56 BDT" duration-ms="111794" status="PASS">
          <reporter-output>
          </reporter-output>
        </test-method> <!-- openUrl -->
        <test-method signature="testLoginMethod()[pri:0, instance:framework.automation.tests.LoginTest@4e5ed836]" started-at="2024-08-31T15:47:56 BDT" name="testLoginMethod" finished-at="2024-08-31T15:48:01 BDT" duration-ms="5169" status="PASS">
          <reporter-output>
          </reporter-output>
        </test-method> <!-- testLoginMethod -->
        <test-method is-config="true" signature="close()[pri:0, instance:framework.automation.tests.LoginTest@4e5ed836]" started-at="2024-08-31T15:48:01 BDT" name="close" finished-at="2024-08-31T15:48:02 BDT" duration-ms="274" status="PASS">
          <reporter-output>
          </reporter-output>
        </test-method> <!-- close -->
      </class> <!-- framework.automation.tests.LoginTest -->
    </test> <!-- Default test -->
  </suite> <!-- Default suite -->
</testng-results>
